student_app/app/build/intermediates/manifest_merge_blame_file/debug/manifest-merger-blame-debug-report.txt
1<?xml version="1.0" encoding="utf-8"?>
2<manifest xmlns:android="http://schemas.android.com/apk/res/android"
3    package="com.smrs.student"
4    android:versionCode="1"
5    android:versionName="1.0" >
6
7    <uses-sdk
8        android:minSdkVersion="26"
9        android:targetSdkVersion="34" />
10
11    <uses-permission android:name="android.permission.NFC" />
11-->src\main\AndroidManifest.xml:5:5-61
11-->src\main\AndroidManifest.xml:5:22-59
12
13    <uses-feature
13-->src\main\AndroidManifest.xml:6:5-80
14        android:name="android.hardware.nfc"
14-->src\main\AndroidManifest.xml:6:19-54
15        android:required="true" />
15-->src\main\AndroidManifest.xml:6:55-78
16
17    <permission
17-->[androidx.core:core:1.9.0] AndroidManifest.xml:22:5-24:47
18        android:name="com.smrs.student.DYNAMIC_RECEIVER_NOT_EXPORTED_PERMISSION"
18-->[androidx.core:core:1.9.0] AndroidManifest.xml:23:9-81
19        android:protectionLevel="signature" />
19-->[androidx.core:core:1.9.0] AndroidManifest.xml:24:9-44
20
21    <uses-permission android:name="com.smrs.student.DYNAMIC_RECEIVER_NOT_EXPORTED_PERMISSION" />
21-->[androidx.core:core:1.9.0] AndroidManifest.xml:26:5-97
21-->[androidx.core:core:1.9.0] AndroidManifest.xml:26:22-94
22
23    <application
23-->src\main\AndroidManifest.xml:8:5-33:19
24        android:allowBackup="true"
24-->src\main\AndroidManifest.xml:9:9-35
25        android:appComponentFactory="androidx.core.app.CoreComponentFactory"
25-->[androidx.core:core:1.9.0] AndroidManifest.xml:28:18-86
26        android:debuggable="true"
27        android:extractNativeLibs="false"
28        android:label="SMRS Student"
28-->src\main\AndroidManifest.xml:10:9-37
29        android:testOnly="true"
30        android:theme="@style/AppTheme" >
30-->src\main\AndroidManifest.xml:11:9-40
31        <activity
31-->src\main\AndroidManifest.xml:13:9-25:20
32            android:name="com.smrs.student.NfcTapActivity"
32-->src\main\AndroidManifest.xml:13:19-49
33            android:exported="true"
33-->src\main\AndroidManifest.xml:13:50-73
34            android:launchMode="singleTop" >
34-->src\main\AndroidManifest.xml:14:13-43
35            <intent-filter>
35-->src\main\AndroidManifest.xml:15:13-18:29
36                <action android:name="android.intent.action.MAIN" />
36-->src\main\AndroidManifest.xml:16:17-68
36-->src\main\AndroidManifest.xml:16:25-66
37
38                <category android:name="android.intent.category.LAUNCHER" />
38-->src\main\AndroidManifest.xml:17:17-76
38-->src\main\AndroidManifest.xml:17:27-74
39            </intent-filter>
40            <!-- Intercept HCE tag discovery from clinic terminal -->
41            <intent-filter>
41-->src\main\AndroidManifest.xml:20:13-22:29
42                <action android:name="android.nfc.action.TECH_DISCOVERED" />
42-->src\main\AndroidManifest.xml:21:17-76
42-->src\main\AndroidManifest.xml:21:25-74
43            </intent-filter>
44
45            <meta-data
45-->src\main\AndroidManifest.xml:23:13-24:58
46                android:name="android.nfc.action.TECH_DISCOVERED"
46-->src\main\AndroidManifest.xml:23:24-73
47                android:resource="@xml/nfc_tech_filter" />
47-->src\main\AndroidManifest.xml:24:17-56
48        </activity>
49        <activity
49-->src\main\AndroidManifest.xml:27:9-74
50            android:name="com.smrs.student.HomeActivity"
50-->src\main\AndroidManifest.xml:27:19-47
51            android:exported="false" />
51-->src\main\AndroidManifest.xml:27:48-72
52        <activity
52-->src\main\AndroidManifest.xml:28:9-78
53            android:name="com.smrs.student.ScheduleActivity"
53-->src\main\AndroidManifest.xml:28:19-51
54            android:exported="false" />
54-->src\main\AndroidManifest.xml:28:52-76
55        <activity
55-->src\main\AndroidManifest.xml:29:9-80
56            android:name="com.smrs.student.MedicationActivity"
56-->src\main\AndroidManifest.xml:29:19-53
57            android:exported="false" />
57-->src\main\AndroidManifest.xml:29:54-78
58        <activity
58-->src\main\AndroidManifest.xml:30:9-77
59            android:name="com.smrs.student.ProfileActivity"
59-->src\main\AndroidManifest.xml:30:19-50
60            android:exported="false" />
60-->src\main\AndroidManifest.xml:30:51-75
61        <activity
61-->src\main\AndroidManifest.xml:31:9-78
62            android:name="com.smrs.student.SettingsActivity"
62-->src\main\AndroidManifest.xml:31:19-51
63            android:exported="false" />
63-->src\main\AndroidManifest.xml:31:52-76
64        <activity
64-->src\main\AndroidManifest.xml:32:9-81
65            android:name="com.smrs.student.RequestFormActivity"
65-->src\main\AndroidManifest.xml:32:19-54
66            android:exported="false" />
66-->src\main\AndroidManifest.xml:32:55-79
67
68        <provider
68-->[androidx.emoji2:emoji2:1.2.0] AndroidManifest.xml:24:9-32:20
69            android:name="androidx.startup.InitializationProvider"
69-->[androidx.emoji2:emoji2:1.2.0] AndroidManifest.xml:25:13-67
70            android:authorities="com.smrs.student.androidx-startup"
70-->[androidx.emoji2:emoji2:1.2.0] AndroidManifest.xml:26:13-68
71            android:exported="false" >
71-->[androidx.emoji2:emoji2:1.2.0] AndroidManifest.xml:27:13-37
72            <meta-data
72-->[androidx.emoji2:emoji2:1.2.0] AndroidManifest.xml:29:13-31:52
73                android:name="androidx.emoji2.text.EmojiCompatInitializer"
73-->[androidx.emoji2:emoji2:1.2.0] AndroidManifest.xml:30:17-75
74                android:value="androidx.startup" />
74-->[androidx.emoji2:emoji2:1.2.0] AndroidManifest.xml:31:17-49
75            <meta-data
75-->[androidx.lifecycle:lifecycle-process:2.6.1] AndroidManifest.xml:29:13-31:52
76                android:name="androidx.lifecycle.ProcessLifecycleInitializer"
76-->[androidx.lifecycle:lifecycle-process:2.6.1] AndroidManifest.xml:30:17-78
77                android:value="androidx.startup" />
77-->[androidx.lifecycle:lifecycle-process:2.6.1] AndroidManifest.xml:31:17-49
78            <meta-data
78-->[androidx.profileinstaller:profileinstaller:1.3.0] AndroidManifest.xml:29:13-31:52
79                android:name="androidx.profileinstaller.ProfileInstallerInitializer"
79-->[androidx.profileinstaller:profileinstaller:1.3.0] AndroidManifest.xml:30:17-85
80                android:value="androidx.startup" />
80-->[androidx.profileinstaller:profileinstaller:1.3.0] AndroidManifest.xml:31:17-49
81        </provider>
82
83        <receiver
83-->[androidx.profileinstaller:profileinstaller:1.3.0] AndroidManifest.xml:34:9-52:20
84            android:name="androidx.profileinstaller.ProfileInstallReceiver"
84-->[androidx.profileinstaller:profileinstaller:1.3.0] AndroidManifest.xml:35:13-76
85            android:directBootAware="false"
85-->[androidx.profileinstaller:profileinstaller:1.3.0] AndroidManifest.xml:36:13-44
86            android:enabled="true"
86-->[androidx.profileinstaller:profileinstaller:1.3.0] AndroidManifest.xml:37:13-35
87            android:exported="true"
87-->[androidx.profileinstaller:profileinstaller:1.3.0] AndroidManifest.xml:38:13-36
88            android:permission="android.permission.DUMP" >
88-->[androidx.profileinstaller:profileinstaller:1.3.0] AndroidManifest.xml:39:13-57
89            <intent-filter>
89-->[androidx.profileinstaller:profileinstaller:1.3.0] AndroidManifest.xml:40:13-42:29
90                <action android:name="androidx.profileinstaller.action.INSTALL_PROFILE" />
90-->[androidx.profileinstaller:profileinstaller:1.3.0] AndroidManifest.xml:41:17-91
90-->[androidx.profileinstaller:profileinstaller:1.3.0] AndroidManifest.xml:41:25-88
91            </intent-filter>
92            <intent-filter>
92-->[androidx.profileinstaller:profileinstaller:1.3.0] AndroidManifest.xml:43:13-45:29
93                <action android:name="androidx.profileinstaller.action.SKIP_FILE" />
93-->[androidx.profileinstaller:profileinstaller:1.3.0] AndroidManifest.xml:44:17-85
93-->[androidx.profileinstaller:profileinstaller:1.3.0] AndroidManifest.xml:44:25-82
94            </intent-filter>
95            <intent-filter>
95-->[androidx.profileinstaller:profileinstaller:1.3.0] AndroidManifest.xml:46:13-48:29
96                <action android:name="androidx.profileinstaller.action.SAVE_PROFILE" />
96-->[androidx.profileinstaller:profileinstaller:1.3.0] AndroidManifest.xml:47:17-88
96-->[androidx.profileinstaller:profileinstaller:1.3.0] AndroidManifest.xml:47:25-85
97            </intent-filter>
98            <intent-filter>
98-->[androidx.profileinstaller:profileinstaller:1.3.0] AndroidManifest.xml:49:13-51:29
99                <action android:name="androidx.profileinstaller.action.BENCHMARK_OPERATION" />
99-->[androidx.profileinstaller:profileinstaller:1.3.0] AndroidManifest.xml:50:17-95
99-->[androidx.profileinstaller:profileinstaller:1.3.0] AndroidManifest.xml:50:25-92
100            </intent-filter>
101        </receiver>
102    </application>
103
104</manifest>